<?xml version="1.0" encoding="UTF-8"?>
<!-- Generated by org.testng.reporters.JUnitXMLReporter -->
<testsuite ignored="0" hostname="SANKAPPA" failures="0" tests="14" name="Test" time="158.269" errors="0" timestamp="2023-11-11T16:15:29 IST">
  <testcase classname="Class2.Case24" name="Homepage" time="0.146"/>
  <testcase classname="Class2.Case24" name="productselect" time="10.384"/>
  <testcase classname="Class2.Case24" name="productaddtocart" time="42.255"/>
  <testcase classname="Class2.Case24" name="details1" time="4.011"/>
  <testcase classname="Class2.Case24" name="details" time="1.492"/>
  <testcase classname="Class2.Case24" name="buttons" time="0.437"/>
  <testcase classname="Class2.Case24" name="address" time="17.554"/>
  <testcase classname="Class2.Case24" name="checkoutitems" time="5.573"/>
  <testcase classname="Class2.Case24" name="verifysamederliveryaddress" time="0.089"/>
  <testcase classname="Class2.Case24" name="verifysamebillingaddress" time="0.065"/>
  <testcase classname="Class2.Case24" name="carddata" time="9.001"/>
  <testcase classname="Class2.Case24" name="orderconfirmvisible" time="0.154"/>
  <testcase classname="Class2.Case24" name="invoicedown" time="6.411"/>
  <testcase classname="Class2.Case24" name="verifylastdetails" time="7.309"/>
</testsuite> <!-- Test -->
